2020-07-01 19:51:37.802 [org.springframework.boot.StartupInfoLogger:50] [main] INFO  - Starting LmsApplication on win7-PC with PID 5804 (D:\IdeaProjects\wacher\PROJECTS\LMS\target\classes started by win7 in D:\IdeaProjects\wacher\PROJECTS\LMS)
2020-07-01 19:51:37.826 [org.springframework.boot.SpringApplication:675] [main] INFO  - No active profile set, falling back to default profiles: default
2020-07-01 19:51:38.982 [org.springframework.boot.web.embedded.tomcat.TomcatWebServer:90] [main] INFO  - Tomcat initialized with port(s): 8080 (http)
2020-07-01 19:51:38.994 [org.apache.juli.logging.DirectJDKLog:173] [main] INFO  - Initializing ProtocolHandler ["http-nio-8080"]
2020-07-01 19:51:39.002 [org.apache.juli.logging.DirectJDKLog:173] [main] INFO  - Starting service [Tomcat]
2020-07-01 19:51:39.002 [org.apache.juli.logging.DirectJDKLog:173] [main] INFO  - Starting Servlet engine: [Apache Tomcat/9.0.14]
2020-07-01 19:51:39.007 [org.apache.juli.logging.DirectJDKLog:173] [main] INFO  - The APR based Apache Tomcat Native library which allows optimal performance in production environments was not found on the java.library.path: [E:\develop\Java\jdk1.8.0_111\bin;C:\Windows\Sun\Java\bin;C:\Windows\system32;C:\Windows;C:\Program Files (x86)\Common Files\Oracle\Java\javapath;C:\ProgramData\Oracle\Java\javapath;C:\Windows\system32;C:\Windows;C:\Windows\System32\Wbem;C:\Windows\System32\WindowsPowerShell\v1.0\;E:\develop\Git\cmd;E:\develop\Java\jdk1.8.0_111\bin;E:\develop\Java\jdk1.8.0_111\jre\bin;C:\Program Files\MySQL\MySQL Utilities 1.6\;E:\develop\apache-maven-3.1.0\bin;E:\develop\nodejs\;C:\Program Files\TortoiseGit\bin;E:\develop\gradle-6.5\bin;C:\Program Files\Microsoft VS Code\bin;C:\Users\win7\AppData\Roaming\npm;C:\Program Files\Microsoft VS Code\bin;C:\Program Files (x86)\Nmap;C:\Program Files\MySQL\MySQL Server 5.7\bin;.]
2020-07-01 19:51:39.096 [org.apache.juli.logging.DirectJDKLog:173] [main] INFO  - Initializing Spring embedded WebApplicationContext
2020-07-01 19:51:39.097 [org.springframework.boot.web.servlet.context.ServletWebServerApplicationContext:296] [main] INFO  - Root WebApplicationContext: initialization completed in 1233 ms
2020-07-01 19:51:39.267 [org.springframework.scheduling.concurrent.ExecutorConfigurationSupport:171] [main] INFO  - Initializing ExecutorService 'applicationTaskExecutor'
2020-07-01 19:51:39.390 [org.apache.juli.logging.DirectJDKLog:173] [main] INFO  - Starting ProtocolHandler ["http-nio-8080"]
2020-07-01 19:51:39.409 [org.springframework.boot.web.embedded.tomcat.TomcatWebServer:204] [main] INFO  - Tomcat started on port(s): 8080 (http) with context path ''
2020-07-01 19:51:39.411 [org.springframework.boot.StartupInfoLogger:59] [main] INFO  - Started LmsApplication in 1.859 seconds (JVM running for 2.332)
2020-07-02 13:33:20.552 [org.springframework.boot.StartupInfoLogger:50] [main] INFO  - Starting LmsApplication on win7-PC with PID 5800 (D:\IdeaProjects\wacher\PROJECTS\LMS\target\classes started by win7 in D:\IdeaProjects\wacher\PROJECTS\LMS)
2020-07-02 13:33:20.595 [org.springframework.boot.SpringApplication:675] [main] INFO  - No active profile set, falling back to default profiles: default
2020-07-02 13:33:21.689 [org.springframework.boot.web.embedded.tomcat.TomcatWebServer:90] [main] INFO  - Tomcat initialized with port(s): 8080 (http)
2020-07-02 13:33:21.702 [org.apache.juli.logging.DirectJDKLog:173] [main] INFO  - Initializing ProtocolHandler ["http-nio-8080"]
2020-07-02 13:33:21.710 [org.apache.juli.logging.DirectJDKLog:173] [main] INFO  - Starting service [Tomcat]
2020-07-02 13:33:21.710 [org.apache.juli.logging.DirectJDKLog:173] [main] INFO  - Starting Servlet engine: [Apache Tomcat/9.0.14]
2020-07-02 13:33:21.715 [org.apache.juli.logging.DirectJDKLog:173] [main] INFO  - The APR based Apache Tomcat Native library which allows optimal performance in production environments was not found on the java.library.path: [E:\develop\Java\jdk1.8.0_111\bin;C:\Windows\Sun\Java\bin;C:\Windows\system32;C:\Windows;C:\Program Files (x86)\Common Files\Oracle\Java\javapath;C:\ProgramData\Oracle\Java\javapath;C:\Windows\system32;C:\Windows;C:\Windows\System32\Wbem;C:\Windows\System32\WindowsPowerShell\v1.0\;E:\develop\Git\cmd;E:\develop\Java\jdk1.8.0_111\bin;E:\develop\Java\jdk1.8.0_111\jre\bin;C:\Program Files\MySQL\MySQL Utilities 1.6\;E:\develop\apache-maven-3.1.0\bin;E:\develop\nodejs\;C:\Program Files\TortoiseGit\bin;E:\develop\gradle-6.5\bin;C:\Program Files\Microsoft VS Code\bin;C:\Users\win7\AppData\Roaming\npm;C:\Program Files\Microsoft VS Code\bin;C:\Program Files (x86)\Nmap;C:\Program Files\MySQL\MySQL Server 5.7\bin;.]
2020-07-02 13:33:21.808 [org.apache.juli.logging.DirectJDKLog:173] [main] INFO  - Initializing Spring embedded WebApplicationContext
2020-07-02 13:33:21.808 [org.springframework.boot.web.servlet.context.ServletWebServerApplicationContext:296] [main] INFO  - Root WebApplicationContext: initialization completed in 1181 ms
2020-07-02 13:33:21.982 [org.springframework.scheduling.concurrent.ExecutorConfigurationSupport:171] [main] INFO  - Initializing ExecutorService 'applicationTaskExecutor'
2020-07-02 13:33:22.109 [org.apache.juli.logging.DirectJDKLog:173] [main] INFO  - Starting ProtocolHandler ["http-nio-8080"]
2020-07-02 13:33:22.141 [org.springframework.boot.web.embedded.tomcat.TomcatWebServer:204] [main] INFO  - Tomcat started on port(s): 8080 (http) with context path ''
2020-07-02 13:33:22.144 [org.springframework.boot.StartupInfoLogger:59] [main] INFO  - Started LmsApplication in 1.853 seconds (JVM running for 2.319)
2020-07-02 13:34:21.869 [org.springframework.boot.StartupInfoLogger:50] [main] INFO  - Starting LmsApplication on win7-PC with PID 8524 (D:\IdeaProjects\wacher\PROJECTS\LMS\target\classes started by win7 in D:\IdeaProjects\wacher\PROJECTS\LMS)
2020-07-02 13:34:21.882 [org.springframework.boot.SpringApplication:675] [main] INFO  - No active profile set, falling back to default profiles: default
2020-07-02 13:34:23.118 [org.springframework.boot.web.embedded.tomcat.TomcatWebServer:90] [main] INFO  - Tomcat initialized with port(s): 8080 (http)
2020-07-02 13:34:23.133 [org.apache.juli.logging.DirectJDKLog:173] [main] INFO  - Initializing ProtocolHandler ["http-nio-8080"]
2020-07-02 13:34:23.140 [org.apache.juli.logging.DirectJDKLog:173] [main] INFO  - Starting service [Tomcat]
2020-07-02 13:34:23.140 [org.apache.juli.logging.DirectJDKLog:173] [main] INFO  - Starting Servlet engine: [Apache Tomcat/9.0.14]
2020-07-02 13:34:23.147 [org.apache.juli.logging.DirectJDKLog:173] [main] INFO  - The APR based Apache Tomcat Native library which allows optimal performance in production environments was not found on the java.library.path: [E:\develop\Java\jdk1.8.0_111\bin;C:\Windows\Sun\Java\bin;C:\Windows\system32;C:\Windows;C:\Program Files (x86)\Common Files\Oracle\Java\javapath;C:\ProgramData\Oracle\Java\javapath;C:\Windows\system32;C:\Windows;C:\Windows\System32\Wbem;C:\Windows\System32\WindowsPowerShell\v1.0\;E:\develop\Git\cmd;E:\develop\Java\jdk1.8.0_111\bin;E:\develop\Java\jdk1.8.0_111\jre\bin;C:\Program Files\MySQL\MySQL Utilities 1.6\;E:\develop\apache-maven-3.1.0\bin;E:\develop\nodejs\;C:\Program Files\TortoiseGit\bin;E:\develop\gradle-6.5\bin;C:\Program Files\Microsoft VS Code\bin;C:\Users\win7\AppData\Roaming\npm;C:\Program Files\Microsoft VS Code\bin;C:\Program Files (x86)\Nmap;C:\Program Files\MySQL\MySQL Server 5.7\bin;.]
2020-07-02 13:34:23.246 [org.apache.juli.logging.DirectJDKLog:173] [main] INFO  - Initializing Spring embedded WebApplicationContext
2020-07-02 13:34:23.247 [org.springframework.boot.web.servlet.context.ServletWebServerApplicationContext:296] [main] INFO  - Root WebApplicationContext: initialization completed in 1331 ms
2020-07-02 13:34:23.430 [org.springframework.scheduling.concurrent.ExecutorConfigurationSupport:171] [main] INFO  - Initializing ExecutorService 'applicationTaskExecutor'
2020-07-02 13:34:23.563 [org.apache.juli.logging.DirectJDKLog:173] [main] INFO  - Starting ProtocolHandler ["http-nio-8080"]
2020-07-02 13:34:23.584 [org.springframework.boot.web.embedded.tomcat.TomcatWebServer:204] [main] INFO  - Tomcat started on port(s): 8080 (http) with context path ''
2020-07-02 13:34:23.587 [org.springframework.boot.StartupInfoLogger:59] [main] INFO  - Started LmsApplication in 1.985 seconds (JVM running for 2.473)
2020-07-02 13:34:35.203 [org.springframework.boot.StartupInfoLogger:50] [main] INFO  - Starting LmsApplication on win7-PC with PID 8936 (D:\IdeaProjects\wacher\PROJECTS\LMS\target\classes started by win7 in D:\IdeaProjects\wacher\PROJECTS\LMS)
2020-07-02 13:34:35.218 [org.springframework.boot.SpringApplication:675] [main] INFO  - No active profile set, falling back to default profiles: default
2020-07-02 13:34:36.356 [org.springframework.boot.web.embedded.tomcat.TomcatWebServer:90] [main] INFO  - Tomcat initialized with port(s): 8080 (http)
2020-07-02 13:34:36.369 [org.apache.juli.logging.DirectJDKLog:173] [main] INFO  - Initializing ProtocolHandler ["http-nio-8080"]
2020-07-02 13:34:36.376 [org.apache.juli.logging.DirectJDKLog:173] [main] INFO  - Starting service [Tomcat]
2020-07-02 13:34:36.377 [org.apache.juli.logging.DirectJDKLog:173] [main] INFO  - Starting Servlet engine: [Apache Tomcat/9.0.14]
2020-07-02 13:34:36.381 [org.apache.juli.logging.DirectJDKLog:173] [main] INFO  - The APR based Apache Tomcat Native library which allows optimal performance in production environments was not found on the java.library.path: [E:\develop\Java\jdk1.8.0_111\bin;C:\Windows\Sun\Java\bin;C:\Windows\system32;C:\Windows;C:\Program Files (x86)\Common Files\Oracle\Java\javapath;C:\ProgramData\Oracle\Java\javapath;C:\Windows\system32;C:\Windows;C:\Windows\System32\Wbem;C:\Windows\System32\WindowsPowerShell\v1.0\;E:\develop\Git\cmd;E:\develop\Java\jdk1.8.0_111\bin;E:\develop\Java\jdk1.8.0_111\jre\bin;C:\Program Files\MySQL\MySQL Utilities 1.6\;E:\develop\apache-maven-3.1.0\bin;E:\develop\nodejs\;C:\Program Files\TortoiseGit\bin;E:\develop\gradle-6.5\bin;C:\Program Files\Microsoft VS Code\bin;C:\Users\win7\AppData\Roaming\npm;C:\Program Files\Microsoft VS Code\bin;C:\Program Files (x86)\Nmap;C:\Program Files\MySQL\MySQL Server 5.7\bin;.]
2020-07-02 13:34:36.474 [org.apache.juli.logging.DirectJDKLog:173] [main] INFO  - Initializing Spring embedded WebApplicationContext
2020-07-02 13:34:36.474 [org.springframework.boot.web.servlet.context.ServletWebServerApplicationContext:296] [main] INFO  - Root WebApplicationContext: initialization completed in 1227 ms
2020-07-02 13:34:36.653 [org.springframework.scheduling.concurrent.ExecutorConfigurationSupport:171] [main] INFO  - Initializing ExecutorService 'applicationTaskExecutor'
2020-07-02 13:34:36.781 [org.apache.juli.logging.DirectJDKLog:173] [main] INFO  - Starting ProtocolHandler ["http-nio-8080"]
2020-07-02 13:34:36.800 [org.springframework.boot.web.embedded.tomcat.TomcatWebServer:204] [main] INFO  - Tomcat started on port(s): 8080 (http) with context path ''
2020-07-02 13:34:36.803 [org.springframework.boot.StartupInfoLogger:59] [main] INFO  - Started LmsApplication in 1.845 seconds (JVM running for 2.305)
2020-07-02 13:35:17.188 [main] [org.springframework.boot.StartupInfoLogger:50] INFO : Starting LmsApplication on win7-PC with PID 6624 (D:\IdeaProjects\wacher\PROJECTS\LMS\target\classes started by win7 in D:\IdeaProjects\wacher\PROJECTS\LMS)
2020-07-02 13:35:17.202 [main] [org.springframework.boot.SpringApplication:675] INFO : No active profile set, falling back to default profiles: default
2020-07-02 13:35:18.391 [main] [org.springframework.boot.web.embedded.tomcat.TomcatWebServer:90] INFO : Tomcat initialized with port(s): 8080 (http)
2020-07-02 13:35:18.404 [main] [org.apache.juli.logging.DirectJDKLog:173] INFO : Initializing ProtocolHandler ["http-nio-8080"]
2020-07-02 13:35:18.413 [main] [org.apache.juli.logging.DirectJDKLog:173] INFO : Starting service [Tomcat]
2020-07-02 13:35:18.413 [main] [org.apache.juli.logging.DirectJDKLog:173] INFO : Starting Servlet engine: [Apache Tomcat/9.0.14]
2020-07-02 13:35:18.419 [main] [org.apache.juli.logging.DirectJDKLog:173] INFO : The APR based Apache Tomcat Native library which allows optimal performance in production environments was not found on the java.library.path: [E:\develop\Java\jdk1.8.0_111\bin;C:\Windows\Sun\Java\bin;C:\Windows\system32;C:\Windows;C:\Program Files (x86)\Common Files\Oracle\Java\javapath;C:\ProgramData\Oracle\Java\javapath;C:\Windows\system32;C:\Windows;C:\Windows\System32\Wbem;C:\Windows\System32\WindowsPowerShell\v1.0\;E:\develop\Git\cmd;E:\develop\Java\jdk1.8.0_111\bin;E:\develop\Java\jdk1.8.0_111\jre\bin;C:\Program Files\MySQL\MySQL Utilities 1.6\;E:\develop\apache-maven-3.1.0\bin;E:\develop\nodejs\;C:\Program Files\TortoiseGit\bin;E:\develop\gradle-6.5\bin;C:\Program Files\Microsoft VS Code\bin;C:\Users\win7\AppData\Roaming\npm;C:\Program Files\Microsoft VS Code\bin;C:\Program Files (x86)\Nmap;C:\Program Files\MySQL\MySQL Server 5.7\bin;.]
2020-07-02 13:35:18.510 [main] [org.apache.juli.logging.DirectJDKLog:173] INFO : Initializing Spring embedded WebApplicationContext
2020-07-02 13:35:18.511 [main] [org.springframework.boot.web.servlet.context.ServletWebServerApplicationContext:296] INFO : Root WebApplicationContext: initialization completed in 1279 ms
2020-07-02 13:35:18.673 [main] [org.springframework.scheduling.concurrent.ExecutorConfigurationSupport:171] INFO : Initializing ExecutorService 'applicationTaskExecutor'
2020-07-02 13:35:18.796 [main] [org.apache.juli.logging.DirectJDKLog:173] INFO : Starting ProtocolHandler ["http-nio-8080"]
2020-07-02 13:35:18.832 [main] [org.springframework.boot.web.embedded.tomcat.TomcatWebServer:204] INFO : Tomcat started on port(s): 8080 (http) with context path ''
2020-07-02 13:35:18.835 [main] [org.springframework.boot.StartupInfoLogger:59] INFO : Started LmsApplication in 1.965 seconds (JVM running for 2.326)
2020-07-02 13:38:10.912 [main] [org.springframework.boot.StartupInfoLogger:50] INFO : Starting LmsApplication on win7-PC with PID 19188 (D:\IdeaProjects\wacher\PROJECTS\LMS\target\classes started by win7 in D:\IdeaProjects\wacher\PROJECTS\LMS)
2020-07-02 13:38:10.927 [main] [org.springframework.boot.SpringApplication:675] INFO : No active profile set, falling back to default profiles: default
2020-07-02 13:38:12.061 [main] [org.springframework.boot.web.embedded.tomcat.TomcatWebServer:90] INFO : Tomcat initialized with port(s): 8080 (http)
2020-07-02 13:38:12.073 [main] [org.apache.juli.logging.DirectJDKLog:173] INFO : Initializing ProtocolHandler ["http-nio-8080"]
2020-07-02 13:38:12.081 [main] [org.apache.juli.logging.DirectJDKLog:173] INFO : Starting service [Tomcat]
2020-07-02 13:38:12.081 [main] [org.apache.juli.logging.DirectJDKLog:173] INFO : Starting Servlet engine: [Apache Tomcat/9.0.14]
2020-07-02 13:38:12.086 [main] [org.apache.juli.logging.DirectJDKLog:173] INFO : The APR based Apache Tomcat Native library which allows optimal performance in production environments was not found on the java.library.path: [E:\develop\Java\jdk1.8.0_111\bin;C:\Windows\Sun\Java\bin;C:\Windows\system32;C:\Windows;C:\Program Files (x86)\Common Files\Oracle\Java\javapath;C:\ProgramData\Oracle\Java\javapath;C:\Windows\system32;C:\Windows;C:\Windows\System32\Wbem;C:\Windows\System32\WindowsPowerShell\v1.0\;E:\develop\Git\cmd;E:\develop\Java\jdk1.8.0_111\bin;E:\develop\Java\jdk1.8.0_111\jre\bin;C:\Program Files\MySQL\MySQL Utilities 1.6\;E:\develop\apache-maven-3.1.0\bin;E:\develop\nodejs\;C:\Program Files\TortoiseGit\bin;E:\develop\gradle-6.5\bin;C:\Program Files\Microsoft VS Code\bin;C:\Users\win7\AppData\Roaming\npm;C:\Program Files\Microsoft VS Code\bin;C:\Program Files (x86)\Nmap;C:\Program Files\MySQL\MySQL Server 5.7\bin;.]
2020-07-02 13:38:12.177 [main] [org.apache.juli.logging.DirectJDKLog:173] INFO : Initializing Spring embedded WebApplicationContext
2020-07-02 13:38:12.177 [main] [org.springframework.boot.web.servlet.context.ServletWebServerApplicationContext:296] INFO : Root WebApplicationContext: initialization completed in 1198 ms
2020-07-02 13:38:12.346 [main] [org.springframework.scheduling.concurrent.ExecutorConfigurationSupport:171] INFO : Initializing ExecutorService 'applicationTaskExecutor'
2020-07-02 13:38:12.471 [main] [org.apache.juli.logging.DirectJDKLog:173] INFO : Starting ProtocolHandler ["http-nio-8080"]
2020-07-02 13:38:12.490 [main] [org.springframework.boot.web.embedded.tomcat.TomcatWebServer:204] INFO : Tomcat started on port(s): 8080 (http) with context path ''
2020-07-02 13:38:12.493 [main] [org.springframework.boot.StartupInfoLogger:59] INFO : Started LmsApplication in 1.946 seconds (JVM running for 2.36)
2020-07-02 13:38:48.449 [main] [org.springframework.boot.StartupInfoLogger:50] INFO : Starting LmsApplication on win7-PC with PID 7680 (D:\IdeaProjects\wacher\PROJECTS\LMS\target\classes started by win7 in D:\IdeaProjects\wacher\PROJECTS\LMS)
2020-07-02 13:38:48.464 [main] [org.springframework.boot.SpringApplication:675] INFO : No active profile set, falling back to default profiles: default
2020-07-02 13:38:49.600 [main] [org.springframework.boot.web.embedded.tomcat.TomcatWebServer:90] INFO : Tomcat initialized with port(s): 8080 (http)
2020-07-02 13:38:49.613 [main] [org.apache.juli.logging.DirectJDKLog:173] INFO : Initializing ProtocolHandler ["http-nio-8080"]
2020-07-02 13:38:49.621 [main] [org.apache.juli.logging.DirectJDKLog:173] INFO : Starting service [Tomcat]
2020-07-02 13:38:49.621 [main] [org.apache.juli.logging.DirectJDKLog:173] INFO : Starting Servlet engine: [Apache Tomcat/9.0.14]
2020-07-02 13:38:49.627 [main] [org.apache.juli.logging.DirectJDKLog:173] INFO : The APR based Apache Tomcat Native library which allows optimal performance in production environments was not found on the java.library.path: [E:\develop\Java\jdk1.8.0_111\bin;C:\Windows\Sun\Java\bin;C:\Windows\system32;C:\Windows;C:\Program Files (x86)\Common Files\Oracle\Java\javapath;C:\ProgramData\Oracle\Java\javapath;C:\Windows\system32;C:\Windows;C:\Windows\System32\Wbem;C:\Windows\System32\WindowsPowerShell\v1.0\;E:\develop\Git\cmd;E:\develop\Java\jdk1.8.0_111\bin;E:\develop\Java\jdk1.8.0_111\jre\bin;C:\Program Files\MySQL\MySQL Utilities 1.6\;E:\develop\apache-maven-3.1.0\bin;E:\develop\nodejs\;C:\Program Files\TortoiseGit\bin;E:\develop\gradle-6.5\bin;C:\Program Files\Microsoft VS Code\bin;C:\Users\win7\AppData\Roaming\npm;C:\Program Files\Microsoft VS Code\bin;C:\Program Files (x86)\Nmap;C:\Program Files\MySQL\MySQL Server 5.7\bin;.]
2020-07-02 13:38:49.720 [main] [org.apache.juli.logging.DirectJDKLog:173] INFO : Initializing Spring embedded WebApplicationContext
2020-07-02 13:38:49.721 [main] [org.springframework.boot.web.servlet.context.ServletWebServerApplicationContext:296] INFO : Root WebApplicationContext: initialization completed in 1225 ms
2020-07-02 13:38:49.893 [main] [org.springframework.scheduling.concurrent.ExecutorConfigurationSupport:171] INFO : Initializing ExecutorService 'applicationTaskExecutor'
2020-07-02 13:38:50.020 [main] [org.apache.juli.logging.DirectJDKLog:173] INFO : Starting ProtocolHandler ["http-nio-8080"]
2020-07-02 13:38:50.052 [main] [org.springframework.boot.web.embedded.tomcat.TomcatWebServer:204] INFO : Tomcat started on port(s): 8080 (http) with context path ''
2020-07-02 13:38:50.054 [main] [org.springframework.boot.StartupInfoLogger:59] INFO : Started LmsApplication in 1.937 seconds (JVM running for 2.301)
2020-07-02 13:39:27.424 [main] [org.springframework.boot.StartupInfoLogger:50] INFO : Starting LmsApplication on win7-PC with PID 21544 (D:\IdeaProjects\wacher\PROJECTS\LMS\target\classes started by win7 in D:\IdeaProjects\wacher\PROJECTS\LMS)
2020-07-02 13:39:27.437 [main] [org.springframework.boot.SpringApplication:675] INFO : No active profile set, falling back to default profiles: default
2020-07-02 13:39:28.602 [main] [org.springframework.boot.web.embedded.tomcat.TomcatWebServer:90] INFO : Tomcat initialized with port(s): 8080 (http)
2020-07-02 13:39:28.616 [main] [org.apache.juli.logging.DirectJDKLog:173] INFO : Initializing ProtocolHandler ["http-nio-8080"]
2020-07-02 13:39:28.624 [main] [org.apache.juli.logging.DirectJDKLog:173] INFO : Starting service [Tomcat]
2020-07-02 13:39:28.624 [main] [org.apache.juli.logging.DirectJDKLog:173] INFO : Starting Servlet engine: [Apache Tomcat/9.0.14]
2020-07-02 13:39:28.630 [main] [org.apache.juli.logging.DirectJDKLog:173] INFO : The APR based Apache Tomcat Native library which allows optimal performance in production environments was not found on the java.library.path: [E:\develop\Java\jdk1.8.0_111\bin;C:\Windows\Sun\Java\bin;C:\Windows\system32;C:\Windows;C:\Program Files (x86)\Common Files\Oracle\Java\javapath;C:\ProgramData\Oracle\Java\javapath;C:\Windows\system32;C:\Windows;C:\Windows\System32\Wbem;C:\Windows\System32\WindowsPowerShell\v1.0\;E:\develop\Git\cmd;E:\develop\Java\jdk1.8.0_111\bin;E:\develop\Java\jdk1.8.0_111\jre\bin;C:\Program Files\MySQL\MySQL Utilities 1.6\;E:\develop\apache-maven-3.1.0\bin;E:\develop\nodejs\;C:\Program Files\TortoiseGit\bin;E:\develop\gradle-6.5\bin;C:\Program Files\Microsoft VS Code\bin;C:\Users\win7\AppData\Roaming\npm;C:\Program Files\Microsoft VS Code\bin;C:\Program Files (x86)\Nmap;C:\Program Files\MySQL\MySQL Server 5.7\bin;.]
2020-07-02 13:39:28.723 [main] [org.apache.juli.logging.DirectJDKLog:173] INFO : Initializing Spring embedded WebApplicationContext
2020-07-02 13:39:28.724 [main] [org.springframework.boot.web.servlet.context.ServletWebServerApplicationContext:296] INFO : Root WebApplicationContext: initialization completed in 1257 ms
2020-07-02 13:39:28.899 [main] [org.springframework.scheduling.concurrent.ExecutorConfigurationSupport:171] INFO : Initializing ExecutorService 'applicationTaskExecutor'
2020-07-02 13:39:29.027 [main] [org.apache.juli.logging.DirectJDKLog:173] INFO : Starting ProtocolHandler ["http-nio-8080"]
2020-07-02 13:39:29.060 [main] [org.springframework.boot.web.embedded.tomcat.TomcatWebServer:204] INFO : Tomcat started on port(s): 8080 (http) with context path ''
2020-07-02 13:39:29.062 [main] [org.springframework.boot.StartupInfoLogger:59] INFO : Started LmsApplication in 1.97 seconds (JVM running for 2.34)
2020-07-02 13:40:48.199 [main] [org.springframework.boot.StartupInfoLogger:50] INFO : Starting LmsApplication on win7-PC with PID 21520 (D:\IdeaProjects\wacher\PROJECTS\LMS\target\classes started by win7 in D:\IdeaProjects\wacher\PROJECTS\LMS)
2020-07-02 13:40:48.214 [main] [org.springframework.boot.SpringApplication:675] INFO : No active profile set, falling back to default profiles: default
2020-07-02 13:40:49.308 [main] [org.springframework.boot.web.embedded.tomcat.TomcatWebServer:90] INFO : Tomcat initialized with port(s): 8080 (http)
2020-07-02 13:40:49.322 [main] [org.apache.juli.logging.DirectJDKLog:173] INFO : Initializing ProtocolHandler ["http-nio-8080"]
2020-07-02 13:40:49.329 [main] [org.apache.juli.logging.DirectJDKLog:173] INFO : Starting service [Tomcat]
2020-07-02 13:40:49.329 [main] [org.apache.juli.logging.DirectJDKLog:173] INFO : Starting Servlet engine: [Apache Tomcat/9.0.14]
2020-07-02 13:40:49.334 [main] [org.apache.juli.logging.DirectJDKLog:173] INFO : The APR based Apache Tomcat Native library which allows optimal performance in production environments was not found on the java.library.path: [E:\develop\Java\jdk1.8.0_111\bin;C:\Windows\Sun\Java\bin;C:\Windows\system32;C:\Windows;C:\Program Files (x86)\Common Files\Oracle\Java\javapath;C:\ProgramData\Oracle\Java\javapath;C:\Windows\system32;C:\Windows;C:\Windows\System32\Wbem;C:\Windows\System32\WindowsPowerShell\v1.0\;E:\develop\Git\cmd;E:\develop\Java\jdk1.8.0_111\bin;E:\develop\Java\jdk1.8.0_111\jre\bin;C:\Program Files\MySQL\MySQL Utilities 1.6\;E:\develop\apache-maven-3.1.0\bin;E:\develop\nodejs\;C:\Program Files\TortoiseGit\bin;E:\develop\gradle-6.5\bin;C:\Program Files\Microsoft VS Code\bin;C:\Users\win7\AppData\Roaming\npm;C:\Program Files\Microsoft VS Code\bin;C:\Program Files (x86)\Nmap;C:\Program Files\MySQL\MySQL Server 5.7\bin;.]
2020-07-02 13:40:49.423 [main] [org.apache.juli.logging.DirectJDKLog:173] INFO : Initializing Spring embedded WebApplicationContext
2020-07-02 13:40:49.423 [main] [org.springframework.boot.web.servlet.context.ServletWebServerApplicationContext:296] INFO : Root WebApplicationContext: initialization completed in 1180 ms
2020-07-02 13:40:49.599 [main] [org.springframework.scheduling.concurrent.ExecutorConfigurationSupport:171] INFO : Initializing ExecutorService 'applicationTaskExecutor'
2020-07-02 13:40:49.723 [main] [org.apache.juli.logging.DirectJDKLog:173] INFO : Starting ProtocolHandler ["http-nio-8080"]
2020-07-02 13:40:49.754 [main] [org.springframework.boot.web.embedded.tomcat.TomcatWebServer:204] INFO : Tomcat started on port(s): 8080 (http) with context path ''
2020-07-02 13:40:49.756 [main] [org.springframework.boot.StartupInfoLogger:59] INFO : Started LmsApplication in 1.877 seconds (JVM running for 2.234)
2020-07-02 13:41:02.950 [main] [org.springframework.boot.StartupInfoLogger:50] INFO : Starting LmsApplication on win7-PC with PID 9452 (D:\IdeaProjects\wacher\PROJECTS\LMS\target\classes started by win7 in D:\IdeaProjects\wacher\PROJECTS\LMS)
2020-07-02 13:41:02.964 [main] [org.springframework.boot.SpringApplication:675] INFO : No active profile set, falling back to default profiles: default
2020-07-02 13:41:04.063 [main] [org.springframework.boot.web.embedded.tomcat.TomcatWebServer:90] INFO : Tomcat initialized with port(s): 8080 (http)
2020-07-02 13:41:04.076 [main] [org.apache.juli.logging.DirectJDKLog:173] INFO : Initializing ProtocolHandler ["http-nio-8080"]
2020-07-02 13:41:04.083 [main] [org.apache.juli.logging.DirectJDKLog:173] INFO : Starting service [Tomcat]
2020-07-02 13:41:04.084 [main] [org.apache.juli.logging.DirectJDKLog:173] INFO : Starting Servlet engine: [Apache Tomcat/9.0.14]
2020-07-02 13:41:04.089 [main] [org.apache.juli.logging.DirectJDKLog:173] INFO : The APR based Apache Tomcat Native library which allows optimal performance in production environments was not found on the java.library.path: [E:\develop\Java\jdk1.8.0_111\bin;C:\Windows\Sun\Java\bin;C:\Windows\system32;C:\Windows;C:\Program Files (x86)\Common Files\Oracle\Java\javapath;C:\ProgramData\Oracle\Java\javapath;C:\Windows\system32;C:\Windows;C:\Windows\System32\Wbem;C:\Windows\System32\WindowsPowerShell\v1.0\;E:\develop\Git\cmd;E:\develop\Java\jdk1.8.0_111\bin;E:\develop\Java\jdk1.8.0_111\jre\bin;C:\Program Files\MySQL\MySQL Utilities 1.6\;E:\develop\apache-maven-3.1.0\bin;E:\develop\nodejs\;C:\Program Files\TortoiseGit\bin;E:\develop\gradle-6.5\bin;C:\Program Files\Microsoft VS Code\bin;C:\Users\win7\AppData\Roaming\npm;C:\Program Files\Microsoft VS Code\bin;C:\Program Files (x86)\Nmap;C:\Program Files\MySQL\MySQL Server 5.7\bin;.]
2020-07-02 13:41:04.180 [main] [org.apache.juli.logging.DirectJDKLog:173] INFO : Initializing Spring embedded WebApplicationContext
2020-07-02 13:41:04.180 [main] [org.springframework.boot.web.servlet.context.ServletWebServerApplicationContext:296] INFO : Root WebApplicationContext: initialization completed in 1181 ms
2020-07-02 13:41:04.353 [main] [org.springframework.scheduling.concurrent.ExecutorConfigurationSupport:171] INFO : Initializing ExecutorService 'applicationTaskExecutor'
2020-07-02 13:41:04.495 [main] [org.apache.juli.logging.DirectJDKLog:173] INFO : Starting ProtocolHandler ["http-nio-8080"]
2020-07-02 13:41:04.551 [main] [org.springframework.boot.web.embedded.tomcat.TomcatWebServer:204] INFO : Tomcat started on port(s): 8080 (http) with context path ''
2020-07-02 13:41:04.554 [main] [org.springframework.boot.StartupInfoLogger:59] INFO : Started LmsApplication in 1.928 seconds (JVM running for 2.295)
2020-07-02 13:42:00.886 [main] [org.springframework.boot.StartupInfoLogger:50] INFO : Starting LmsApplication on win7-PC with PID 20920 (D:\IdeaProjects\wacher\PROJECTS\LMS\target\classes started by win7 in D:\IdeaProjects\wacher\PROJECTS\LMS)
2020-07-02 13:42:00.899 [main] [org.springframework.boot.SpringApplication:675] INFO : No active profile set, falling back to default profiles: default
2020-07-02 13:42:02.041 [main] [org.springframework.boot.web.embedded.tomcat.TomcatWebServer:90] INFO : Tomcat initialized with port(s): 8080 (http)
2020-07-02 13:42:02.054 [main] [org.apache.juli.logging.DirectJDKLog:173] INFO : Initializing ProtocolHandler ["http-nio-8080"]
2020-07-02 13:42:02.060 [main] [org.apache.juli.logging.DirectJDKLog:173] INFO : Starting service [Tomcat]
2020-07-02 13:42:02.061 [main] [org.apache.juli.logging.DirectJDKLog:173] INFO : Starting Servlet engine: [Apache Tomcat/9.0.14]
2020-07-02 13:42:02.066 [main] [org.apache.juli.logging.DirectJDKLog:173] INFO : The APR based Apache Tomcat Native library which allows optimal performance in production environments was not found on the java.library.path: [E:\develop\Java\jdk1.8.0_111\bin;C:\Windows\Sun\Java\bin;C:\Windows\system32;C:\Windows;C:\Program Files (x86)\Common Files\Oracle\Java\javapath;C:\ProgramData\Oracle\Java\javapath;C:\Windows\system32;C:\Windows;C:\Windows\System32\Wbem;C:\Windows\System32\WindowsPowerShell\v1.0\;E:\develop\Git\cmd;E:\develop\Java\jdk1.8.0_111\bin;E:\develop\Java\jdk1.8.0_111\jre\bin;C:\Program Files\MySQL\MySQL Utilities 1.6\;E:\develop\apache-maven-3.1.0\bin;E:\develop\nodejs\;C:\Program Files\TortoiseGit\bin;E:\develop\gradle-6.5\bin;C:\Program Files\Microsoft VS Code\bin;C:\Users\win7\AppData\Roaming\npm;C:\Program Files\Microsoft VS Code\bin;C:\Program Files (x86)\Nmap;C:\Program Files\MySQL\MySQL Server 5.7\bin;.]
2020-07-02 13:42:02.155 [main] [org.apache.juli.logging.DirectJDKLog:173] INFO : Initializing Spring embedded WebApplicationContext
2020-07-02 13:42:02.156 [main] [org.springframework.boot.web.servlet.context.ServletWebServerApplicationContext:296] INFO : Root WebApplicationContext: initialization completed in 1228 ms
2020-07-02 13:42:02.320 [main] [org.springframework.scheduling.concurrent.ExecutorConfigurationSupport:171] INFO : Initializing ExecutorService 'applicationTaskExecutor'
2020-07-02 13:42:02.440 [main] [org.apache.juli.logging.DirectJDKLog:173] INFO : Starting ProtocolHandler ["http-nio-8080"]
2020-07-02 13:42:02.458 [main] [org.springframework.boot.web.embedded.tomcat.TomcatWebServer:204] INFO : Tomcat started on port(s): 8080 (http) with context path ''
2020-07-02 13:42:02.471 [main] [org.springframework.boot.StartupInfoLogger:59] INFO : Started LmsApplication in 1.905 seconds (JVM running for 2.298)
2020-07-02 13:44:19.257 [main] [org.springframework.boot.StartupInfoLogger:50] INFO : Starting LmsApplication on win7-PC with PID 9840 (D:\IdeaProjects\wacher\PROJECTS\LMS\target\classes started by win7 in D:\IdeaProjects\wacher\PROJECTS\LMS)
2020-07-02 13:44:19.271 [main] [org.springframework.boot.SpringApplication:675] INFO : No active profile set, falling back to default profiles: default
2020-07-02 13:44:20.464 [main] [org.springframework.boot.web.embedded.tomcat.TomcatWebServer:90] INFO : Tomcat initialized with port(s): 8080 (http)
2020-07-02 13:44:20.476 [main] [org.apache.juli.logging.DirectJDKLog:173] INFO : Initializing ProtocolHandler ["http-nio-8080"]
2020-07-02 13:44:20.484 [main] [org.apache.juli.logging.DirectJDKLog:173] INFO : Starting service [Tomcat]
2020-07-02 13:44:20.485 [main] [org.apache.juli.logging.DirectJDKLog:173] INFO : Starting Servlet engine: [Apache Tomcat/9.0.14]
2020-07-02 13:44:20.489 [main] [org.apache.juli.logging.DirectJDKLog:173] INFO : The APR based Apache Tomcat Native library which allows optimal performance in production environments was not found on the java.library.path: [E:\develop\Java\jdk1.8.0_111\bin;C:\Windows\Sun\Java\bin;C:\Windows\system32;C:\Windows;C:\Program Files (x86)\Common Files\Oracle\Java\javapath;C:\ProgramData\Oracle\Java\javapath;C:\Windows\system32;C:\Windows;C:\Windows\System32\Wbem;C:\Windows\System32\WindowsPowerShell\v1.0\;E:\develop\Git\cmd;E:\develop\Java\jdk1.8.0_111\bin;E:\develop\Java\jdk1.8.0_111\jre\bin;C:\Program Files\MySQL\MySQL Utilities 1.6\;E:\develop\apache-maven-3.1.0\bin;E:\develop\nodejs\;C:\Program Files\TortoiseGit\bin;E:\develop\gradle-6.5\bin;C:\Program Files\Microsoft VS Code\bin;C:\Users\win7\AppData\Roaming\npm;C:\Program Files\Microsoft VS Code\bin;C:\Program Files (x86)\Nmap;C:\Program Files\MySQL\MySQL Server 5.7\bin;.]
2020-07-02 13:44:20.581 [main] [org.apache.juli.logging.DirectJDKLog:173] INFO : Initializing Spring embedded WebApplicationContext
2020-07-02 13:44:20.581 [main] [org.springframework.boot.web.servlet.context.ServletWebServerApplicationContext:296] INFO : Root WebApplicationContext: initialization completed in 1267 ms
2020-07-02 13:44:20.752 [main] [org.springframework.scheduling.concurrent.ExecutorConfigurationSupport:171] INFO : Initializing ExecutorService 'applicationTaskExecutor'
2020-07-02 13:44:20.877 [main] [org.apache.juli.logging.DirectJDKLog:173] INFO : Starting ProtocolHandler ["http-nio-8080"]
2020-07-02 13:44:20.908 [main] [org.springframework.boot.web.embedded.tomcat.TomcatWebServer:204] INFO : Tomcat started on port(s): 8080 (http) with context path ''
2020-07-02 13:44:20.911 [main] [org.springframework.boot.StartupInfoLogger:59] INFO : Started LmsApplication in 1.975 seconds (JVM running for 2.354)
2020-07-02 13:47:11.425 [main] [org.springframework.boot.StartupInfoLogger:50] INFO : Starting LmsApplication on win7-PC with PID 16988 (D:\IdeaProjects\wacher\PROJECTS\LMS\target\classes started by win7 in D:\IdeaProjects\wacher\PROJECTS\LMS)
2020-07-02 13:47:11.438 [main] [org.springframework.boot.SpringApplication:675] INFO : No active profile set, falling back to default profiles: default
2020-07-02 13:47:12.648 [main] [org.springframework.boot.web.embedded.tomcat.TomcatWebServer:90] INFO : Tomcat initialized with port(s): 8080 (http)
2020-07-02 13:47:12.660 [main] [org.apache.juli.logging.DirectJDKLog:173] INFO : Initializing ProtocolHandler ["http-nio-8080"]
2020-07-02 13:47:12.668 [main] [org.apache.juli.logging.DirectJDKLog:173] INFO : Starting service [Tomcat]
2020-07-02 13:47:12.668 [main] [org.apache.juli.logging.DirectJDKLog:173] INFO : Starting Servlet engine: [Apache Tomcat/9.0.14]
2020-07-02 13:47:12.673 [main] [org.apache.juli.logging.DirectJDKLog:173] INFO : The APR based Apache Tomcat Native library which allows optimal performance in production environments was not found on the java.library.path: [E:\develop\Java\jdk1.8.0_111\bin;C:\Windows\Sun\Java\bin;C:\Windows\system32;C:\Windows;C:\Program Files (x86)\Common Files\Oracle\Java\javapath;C:\ProgramData\Oracle\Java\javapath;C:\Windows\system32;C:\Windows;C:\Windows\System32\Wbem;C:\Windows\System32\WindowsPowerShell\v1.0\;E:\develop\Git\cmd;E:\develop\Java\jdk1.8.0_111\bin;E:\develop\Java\jdk1.8.0_111\jre\bin;C:\Program Files\MySQL\MySQL Utilities 1.6\;E:\develop\apache-maven-3.1.0\bin;E:\develop\nodejs\;C:\Program Files\TortoiseGit\bin;E:\develop\gradle-6.5\bin;C:\Program Files\Microsoft VS Code\bin;C:\Users\win7\AppData\Roaming\npm;C:\Program Files\Microsoft VS Code\bin;C:\Program Files (x86)\Nmap;C:\Program Files\MySQL\MySQL Server 5.7\bin;.]
2020-07-02 13:47:12.766 [main] [org.apache.juli.logging.DirectJDKLog:173] INFO : Initializing Spring embedded WebApplicationContext
2020-07-02 13:47:12.766 [main] [org.springframework.boot.web.servlet.context.ServletWebServerApplicationContext:296] INFO : Root WebApplicationContext: initialization completed in 1298 ms
2020-07-02 13:47:12.938 [main] [org.springframework.scheduling.concurrent.ExecutorConfigurationSupport:171] INFO : Initializing ExecutorService 'applicationTaskExecutor'
2020-07-02 13:47:13.063 [main] [org.apache.juli.logging.DirectJDKLog:173] INFO : Starting ProtocolHandler ["http-nio-8080"]
2020-07-02 13:47:13.094 [main] [org.springframework.boot.web.embedded.tomcat.TomcatWebServer:204] INFO : Tomcat started on port(s): 8080 (http) with context path ''
2020-07-02 13:47:13.096 [main] [org.springframework.boot.StartupInfoLogger:59] INFO : Started LmsApplication in 2.002 seconds (JVM running for 2.389)
2020-07-02 13:47:31.722 [http-nio-8080-exec-1] [org.apache.juli.logging.DirectJDKLog:173] INFO : Initializing Spring DispatcherServlet 'dispatcherServlet'
2020-07-02 13:47:31.722 [http-nio-8080-exec-1] [org.springframework.web.servlet.FrameworkServlet:524] INFO : Initializing Servlet 'dispatcherServlet'
2020-07-02 13:47:31.729 [http-nio-8080-exec-1] [org.springframework.web.servlet.FrameworkServlet:546] INFO : Completed initialization in 7 ms
2020-07-02 13:47:37.698 [http-nio-8080-exec-2] [com.demo.lms.controller.LoginController:15] INFO : =====login:
2020-07-02 13:47:48.184 [http-nio-8080-exec-5] [com.demo.lms.controller.LoggingController:18] INFO : level： trace < debug < info < warn < error
2020-07-02 13:47:48.185 [http-nio-8080-exec-5] [com.demo.lms.controller.LoggingController:23] INFO : this is a info log
2020-07-02 13:47:48.186 [http-nio-8080-exec-5] [com.demo.lms.controller.LoggingController:24] WARN : this is a warn log
2020-07-02 13:47:48.187 [http-nio-8080-exec-5] [com.demo.lms.controller.LoggingController:25] ERROR: this is a error log
2020-07-02 13:48:21.379 [main] [org.springframework.boot.StartupInfoLogger:50] INFO : Starting LmsApplication on win7-PC with PID 22416 (D:\IdeaProjects\wacher\PROJECTS\LMS\target\classes started by win7 in D:\IdeaProjects\wacher\PROJECTS\LMS)
2020-07-02 13:48:21.391 [main] [org.springframework.boot.SpringApplication:675] INFO : No active profile set, falling back to default profiles: default
2020-07-02 13:48:22.606 [main] [org.springframework.boot.web.embedded.tomcat.TomcatWebServer:90] INFO : Tomcat initialized with port(s): 8080 (http)
2020-07-02 13:48:22.619 [main] [org.apache.juli.logging.DirectJDKLog:173] INFO : Initializing ProtocolHandler ["http-nio-8080"]
2020-07-02 13:48:22.626 [main] [org.apache.juli.logging.DirectJDKLog:173] INFO : Starting service [Tomcat]
2020-07-02 13:48:22.627 [main] [org.apache.juli.logging.DirectJDKLog:173] INFO : Starting Servlet engine: [Apache Tomcat/9.0.14]
2020-07-02 13:48:22.633 [main] [org.apache.juli.logging.DirectJDKLog:173] INFO : The APR based Apache Tomcat Native library which allows optimal performance in production environments was not found on the java.library.path: [E:\develop\Java\jdk1.8.0_111\bin;C:\Windows\Sun\Java\bin;C:\Windows\system32;C:\Windows;C:\Program Files (x86)\Common Files\Oracle\Java\javapath;C:\ProgramData\Oracle\Java\javapath;C:\Windows\system32;C:\Windows;C:\Windows\System32\Wbem;C:\Windows\System32\WindowsPowerShell\v1.0\;E:\develop\Git\cmd;E:\develop\Java\jdk1.8.0_111\bin;E:\develop\Java\jdk1.8.0_111\jre\bin;C:\Program Files\MySQL\MySQL Utilities 1.6\;E:\develop\apache-maven-3.1.0\bin;E:\develop\nodejs\;C:\Program Files\TortoiseGit\bin;E:\develop\gradle-6.5\bin;C:\Program Files\Microsoft VS Code\bin;C:\Users\win7\AppData\Roaming\npm;C:\Program Files\Microsoft VS Code\bin;C:\Program Files (x86)\Nmap;C:\Program Files\MySQL\MySQL Server 5.7\bin;.]
2020-07-02 13:48:22.727 [main] [org.apache.juli.logging.DirectJDKLog:173] INFO : Initializing Spring embedded WebApplicationContext
2020-07-02 13:48:22.727 [main] [org.springframework.boot.web.servlet.context.ServletWebServerApplicationContext:296] INFO : Root WebApplicationContext: initialization completed in 1305 ms
2020-07-02 13:48:22.903 [main] [org.springframework.scheduling.concurrent.ExecutorConfigurationSupport:171] INFO : Initializing ExecutorService 'applicationTaskExecutor'
2020-07-02 13:48:23.030 [main] [org.apache.juli.logging.DirectJDKLog:173] INFO : Starting ProtocolHandler ["http-nio-8080"]
2020-07-02 13:48:23.065 [main] [org.springframework.boot.web.embedded.tomcat.TomcatWebServer:204] INFO : Tomcat started on port(s): 8080 (http) with context path ''
2020-07-02 13:48:23.067 [main] [org.springframework.boot.StartupInfoLogger:59] INFO : Started LmsApplication in 2.005 seconds (JVM running for 2.369)
2020-07-02 13:48:27.554 [http-nio-8080-exec-1] [org.apache.juli.logging.DirectJDKLog:173] INFO : Initializing Spring DispatcherServlet 'dispatcherServlet'
2020-07-02 13:48:27.554 [http-nio-8080-exec-1] [org.springframework.web.servlet.FrameworkServlet:524] INFO : Initializing Servlet 'dispatcherServlet'
2020-07-02 13:48:27.560 [http-nio-8080-exec-1] [org.springframework.web.servlet.FrameworkServlet:546] INFO : Completed initialization in 5 ms
2020-07-02 13:48:27.577 [http-nio-8080-exec-1] [com.demo.lms.controller.LoggingController:18] INFO : level： trace < debug < info < warn < error
2020-07-02 13:48:27.577 [http-nio-8080-exec-1] [com.demo.lms.controller.LoggingController:23] INFO : this is a info log
2020-07-02 13:48:27.578 [http-nio-8080-exec-1] [com.demo.lms.controller.LoggingController:24] WARN : this is a warn log
2020-07-02 13:48:27.578 [http-nio-8080-exec-1] [com.demo.lms.controller.LoggingController:25] ERROR: this is a error log
2020-07-02 13:48:41.008 [main] [org.springframework.boot.StartupInfoLogger:50] INFO : Starting LmsApplication on win7-PC with PID 9476 (D:\IdeaProjects\wacher\PROJECTS\LMS\target\classes started by win7 in D:\IdeaProjects\wacher\PROJECTS\LMS)
2020-07-02 13:48:41.026 [main] [org.springframework.boot.SpringApplication:675] INFO : No active profile set, falling back to default profiles: default
2020-07-02 13:48:42.261 [main] [org.springframework.boot.web.embedded.tomcat.TomcatWebServer:90] INFO : Tomcat initialized with port(s): 8080 (http)
2020-07-02 13:48:42.277 [main] [org.apache.juli.logging.DirectJDKLog:173] INFO : Initializing ProtocolHandler ["http-nio-8080"]
2020-07-02 13:48:42.286 [main] [org.apache.juli.logging.DirectJDKLog:173] INFO : Starting service [Tomcat]
2020-07-02 13:48:42.286 [main] [org.apache.juli.logging.DirectJDKLog:173] INFO : Starting Servlet engine: [Apache Tomcat/9.0.14]
2020-07-02 13:48:42.295 [main] [org.apache.juli.logging.DirectJDKLog:173] INFO : The APR based Apache Tomcat Native library which allows optimal performance in production environments was not found on the java.library.path: [E:\develop\Java\jdk1.8.0_111\bin;C:\Windows\Sun\Java\bin;C:\Windows\system32;C:\Windows;C:\Program Files (x86)\Common Files\Oracle\Java\javapath;C:\ProgramData\Oracle\Java\javapath;C:\Windows\system32;C:\Windows;C:\Windows\System32\Wbem;C:\Windows\System32\WindowsPowerShell\v1.0\;E:\develop\Git\cmd;E:\develop\Java\jdk1.8.0_111\bin;E:\develop\Java\jdk1.8.0_111\jre\bin;C:\Program Files\MySQL\MySQL Utilities 1.6\;E:\develop\apache-maven-3.1.0\bin;E:\develop\nodejs\;C:\Program Files\TortoiseGit\bin;E:\develop\gradle-6.5\bin;C:\Program Files\Microsoft VS Code\bin;C:\Users\win7\AppData\Roaming\npm;C:\Program Files\Microsoft VS Code\bin;C:\Program Files (x86)\Nmap;C:\Program Files\MySQL\MySQL Server 5.7\bin;.]
2020-07-02 13:48:42.389 [main] [org.apache.juli.logging.DirectJDKLog:173] INFO : Initializing Spring embedded WebApplicationContext
2020-07-02 13:48:42.389 [main] [org.springframework.boot.web.servlet.context.ServletWebServerApplicationContext:296] INFO : Root WebApplicationContext: initialization completed in 1328 ms
2020-07-02 13:48:42.580 [main] [org.springframework.scheduling.concurrent.ExecutorConfigurationSupport:171] INFO : Initializing ExecutorService 'applicationTaskExecutor'
2020-07-02 13:48:42.720 [main] [org.apache.juli.logging.DirectJDKLog:173] INFO : Starting ProtocolHandler ["http-nio-8080"]
2020-07-02 13:48:42.742 [main] [org.springframework.boot.web.embedded.tomcat.TomcatWebServer:204] INFO : Tomcat started on port(s): 8080 (http) with context path ''
2020-07-02 13:48:42.746 [main] [org.springframework.boot.StartupInfoLogger:59] INFO : Started LmsApplication in 2.1 seconds (JVM running for 2.515)
2020-07-02 13:48:53.564 [http-nio-8080-exec-1] [org.apache.juli.logging.DirectJDKLog:173] INFO : Initializing Spring DispatcherServlet 'dispatcherServlet'
2020-07-02 13:48:53.564 [http-nio-8080-exec-1] [org.springframework.web.servlet.FrameworkServlet:524] INFO : Initializing Servlet 'dispatcherServlet'
2020-07-02 13:48:53.570 [http-nio-8080-exec-1] [org.springframework.web.servlet.FrameworkServlet:546] INFO : Completed initialization in 6 ms
2020-07-02 13:48:53.589 [http-nio-8080-exec-1] [com.demo.lms.controller.LoggingController:18] INFO : level： trace < debug < info < warn < error
2020-07-02 13:48:53.589 [http-nio-8080-exec-1] [com.demo.lms.controller.LoggingController:23] INFO : this is a info log
2020-07-02 13:48:53.589 [http-nio-8080-exec-1] [com.demo.lms.controller.LoggingController:24] WARN : this is a warn log
2020-07-02 13:48:53.590 [http-nio-8080-exec-1] [com.demo.lms.controller.LoggingController:25] ERROR: this is a error log
2020-07-02 13:49:27.282 [main] [org.springframework.boot.StartupInfoLogger:50] INFO : Starting LmsApplication on win7-PC with PID 15372 (D:\IdeaProjects\wacher\PROJECTS\LMS\target\classes started by win7 in D:\IdeaProjects\wacher\PROJECTS\LMS)
2020-07-02 13:49:27.297 [main] [org.springframework.boot.SpringApplication:675] INFO : No active profile set, falling back to default profiles: default
2020-07-02 13:49:28.513 [main] [org.springframework.boot.web.embedded.tomcat.TomcatWebServer:90] INFO : Tomcat initialized with port(s): 8080 (http)
2020-07-02 13:49:28.526 [main] [org.apache.juli.logging.DirectJDKLog:173] INFO : Initializing ProtocolHandler ["http-nio-8080"]
2020-07-02 13:49:28.534 [main] [org.apache.juli.logging.DirectJDKLog:173] INFO : Starting service [Tomcat]
2020-07-02 13:49:28.535 [main] [org.apache.juli.logging.DirectJDKLog:173] INFO : Starting Servlet engine: [Apache Tomcat/9.0.14]
2020-07-02 13:49:28.540 [main] [org.apache.juli.logging.DirectJDKLog:173] INFO : The APR based Apache Tomcat Native library which allows optimal performance in production environments was not found on the java.library.path: [E:\develop\Java\jdk1.8.0_111\bin;C:\Windows\Sun\Java\bin;C:\Windows\system32;C:\Windows;C:\Program Files (x86)\Common Files\Oracle\Java\javapath;C:\ProgramData\Oracle\Java\javapath;C:\Windows\system32;C:\Windows;C:\Windows\System32\Wbem;C:\Windows\System32\WindowsPowerShell\v1.0\;E:\develop\Git\cmd;E:\develop\Java\jdk1.8.0_111\bin;E:\develop\Java\jdk1.8.0_111\jre\bin;C:\Program Files\MySQL\MySQL Utilities 1.6\;E:\develop\apache-maven-3.1.0\bin;E:\develop\nodejs\;C:\Program Files\TortoiseGit\bin;E:\develop\gradle-6.5\bin;C:\Program Files\Microsoft VS Code\bin;C:\Users\win7\AppData\Roaming\npm;C:\Program Files\Microsoft VS Code\bin;C:\Program Files (x86)\Nmap;C:\Program Files\MySQL\MySQL Server 5.7\bin;.]
2020-07-02 13:49:28.634 [main] [org.apache.juli.logging.DirectJDKLog:173] INFO : Initializing Spring embedded WebApplicationContext
2020-07-02 13:49:28.634 [main] [org.springframework.boot.web.servlet.context.ServletWebServerApplicationContext:296] INFO : Root WebApplicationContext: initialization completed in 1302 ms
2020-07-02 13:49:28.821 [main] [org.springframework.scheduling.concurrent.ExecutorConfigurationSupport:171] INFO : Initializing ExecutorService 'applicationTaskExecutor'
2020-07-02 13:49:28.955 [main] [org.apache.juli.logging.DirectJDKLog:173] INFO : Starting ProtocolHandler ["http-nio-8080"]
2020-07-02 13:49:28.979 [main] [org.springframework.boot.web.embedded.tomcat.TomcatWebServer:204] INFO : Tomcat started on port(s): 8080 (http) with context path ''
2020-07-02 13:49:28.982 [main] [org.springframework.boot.StartupInfoLogger:59] INFO : Started LmsApplication in 2.067 seconds (JVM running for 2.446)
2020-07-02 13:49:40.662 [main] [org.springframework.boot.StartupInfoLogger:50] INFO : Starting LmsApplication on win7-PC with PID 20024 (D:\IdeaProjects\wacher\PROJECTS\LMS\target\classes started by win7 in D:\IdeaProjects\wacher\PROJECTS\LMS)
2020-07-02 13:49:40.677 [main] [org.springframework.boot.SpringApplication:675] INFO : No active profile set, falling back to default profiles: default
2020-07-02 13:49:41.897 [main] [org.springframework.boot.web.embedded.tomcat.TomcatWebServer:90] INFO : Tomcat initialized with port(s): 8080 (http)
2020-07-02 13:49:41.910 [main] [org.apache.juli.logging.DirectJDKLog:173] INFO : Initializing ProtocolHandler ["http-nio-8080"]
2020-07-02 13:49:41.917 [main] [org.apache.juli.logging.DirectJDKLog:173] INFO : Starting service [Tomcat]
2020-07-02 13:49:41.918 [main] [org.apache.juli.logging.DirectJDKLog:173] INFO : Starting Servlet engine: [Apache Tomcat/9.0.14]
2020-07-02 13:49:41.924 [main] [org.apache.juli.logging.DirectJDKLog:173] INFO : The APR based Apache Tomcat Native library which allows optimal performance in production environments was not found on the java.library.path: [E:\develop\Java\jdk1.8.0_111\bin;C:\Windows\Sun\Java\bin;C:\Windows\system32;C:\Windows;C:\Program Files (x86)\Common Files\Oracle\Java\javapath;C:\ProgramData\Oracle\Java\javapath;C:\Windows\system32;C:\Windows;C:\Windows\System32\Wbem;C:\Windows\System32\WindowsPowerShell\v1.0\;E:\develop\Git\cmd;E:\develop\Java\jdk1.8.0_111\bin;E:\develop\Java\jdk1.8.0_111\jre\bin;C:\Program Files\MySQL\MySQL Utilities 1.6\;E:\develop\apache-maven-3.1.0\bin;E:\develop\nodejs\;C:\Program Files\TortoiseGit\bin;E:\develop\gradle-6.5\bin;C:\Program Files\Microsoft VS Code\bin;C:\Users\win7\AppData\Roaming\npm;C:\Program Files\Microsoft VS Code\bin;C:\Program Files (x86)\Nmap;C:\Program Files\MySQL\MySQL Server 5.7\bin;.]
2020-07-02 13:49:42.023 [main] [org.apache.juli.logging.DirectJDKLog:173] INFO : Initializing Spring embedded WebApplicationContext
2020-07-02 13:49:42.023 [main] [org.springframework.boot.web.servlet.context.ServletWebServerApplicationContext:296] INFO : Root WebApplicationContext: initialization completed in 1306 ms
2020-07-02 13:49:42.224 [main] [org.springframework.scheduling.concurrent.ExecutorConfigurationSupport:171] INFO : Initializing ExecutorService 'applicationTaskExecutor'
2020-07-02 13:49:42.365 [main] [org.apache.juli.logging.DirectJDKLog:173] INFO : Starting ProtocolHandler ["http-nio-8080"]
2020-07-02 13:49:42.389 [main] [org.springframework.boot.web.embedded.tomcat.TomcatWebServer:204] INFO : Tomcat started on port(s): 8080 (http) with context path ''
2020-07-02 13:49:42.393 [main] [org.springframework.boot.StartupInfoLogger:59] INFO : Started LmsApplication in 2.137 seconds (JVM running for 2.576)
2020-07-02 13:50:29.682 [main] [org.springframework.boot.StartupInfoLogger:50] INFO : Starting LmsApplication on win7-PC with PID 19120 (D:\IdeaProjects\wacher\PROJECTS\LMS\target\classes started by win7 in D:\IdeaProjects\wacher\PROJECTS\LMS)
2020-07-02 13:50:29.702 [main] [org.springframework.boot.SpringApplication:675] INFO : No active profile set, falling back to default profiles: default
2020-07-02 13:50:30.948 [main] [org.springframework.boot.web.embedded.tomcat.TomcatWebServer:90] INFO : Tomcat initialized with port(s): 8080 (http)
2020-07-02 13:50:30.963 [main] [org.apache.juli.logging.DirectJDKLog:173] INFO : Initializing ProtocolHandler ["http-nio-8080"]
2020-07-02 13:50:30.971 [main] [org.apache.juli.logging.DirectJDKLog:173] INFO : Starting service [Tomcat]
2020-07-02 13:50:30.972 [main] [org.apache.juli.logging.DirectJDKLog:173] INFO : Starting Servlet engine: [Apache Tomcat/9.0.14]
2020-07-02 13:50:30.978 [main] [org.apache.juli.logging.DirectJDKLog:173] INFO : The APR based Apache Tomcat Native library which allows optimal performance in production environments was not found on the java.library.path: [E:\develop\Java\jdk1.8.0_111\bin;C:\Windows\Sun\Java\bin;C:\Windows\system32;C:\Windows;C:\Program Files (x86)\Common Files\Oracle\Java\javapath;C:\ProgramData\Oracle\Java\javapath;C:\Windows\system32;C:\Windows;C:\Windows\System32\Wbem;C:\Windows\System32\WindowsPowerShell\v1.0\;E:\develop\Git\cmd;E:\develop\Java\jdk1.8.0_111\bin;E:\develop\Java\jdk1.8.0_111\jre\bin;C:\Program Files\MySQL\MySQL Utilities 1.6\;E:\develop\apache-maven-3.1.0\bin;E:\develop\nodejs\;C:\Program Files\TortoiseGit\bin;E:\develop\gradle-6.5\bin;C:\Program Files\Microsoft VS Code\bin;C:\Users\win7\AppData\Roaming\npm;C:\Program Files\Microsoft VS Code\bin;C:\Program Files (x86)\Nmap;C:\Program Files\MySQL\MySQL Server 5.7\bin;.]
2020-07-02 13:50:31.077 [main] [org.apache.juli.logging.DirectJDKLog:173] INFO : Initializing Spring embedded WebApplicationContext
2020-07-02 13:50:31.077 [main] [org.springframework.boot.web.servlet.context.ServletWebServerApplicationContext:296] INFO : Root WebApplicationContext: initialization completed in 1331 ms
2020-07-02 13:50:31.294 [main] [org.springframework.scheduling.concurrent.ExecutorConfigurationSupport:171] INFO : Initializing ExecutorService 'applicationTaskExecutor'
2020-07-02 13:50:31.439 [main] [org.apache.juli.logging.DirectJDKLog:173] INFO : Starting ProtocolHandler ["http-nio-8080"]
2020-07-02 13:50:31.463 [main] [org.springframework.boot.web.embedded.tomcat.TomcatWebServer:204] INFO : Tomcat started on port(s): 8080 (http) with context path ''
2020-07-02 13:50:31.465 [main] [org.springframework.boot.StartupInfoLogger:59] INFO : Started LmsApplication in 2.166 seconds (JVM running for 2.559)
2020-07-02 13:50:32.854 [http-nio-8080-exec-1] [org.apache.juli.logging.DirectJDKLog:173] INFO : Initializing Spring DispatcherServlet 'dispatcherServlet'
2020-07-02 13:50:32.855 [http-nio-8080-exec-1] [org.springframework.web.servlet.FrameworkServlet:524] INFO : Initializing Servlet 'dispatcherServlet'
2020-07-02 13:50:32.860 [http-nio-8080-exec-1] [org.springframework.web.servlet.FrameworkServlet:546] INFO : Completed initialization in 5 ms
2020-07-02 13:50:32.878 [http-nio-8080-exec-1] [com.demo.lms.controller.LoggingController:18] INFO : level： trace < debug < info < warn < error
2020-07-02 13:50:32.878 [http-nio-8080-exec-1] [com.demo.lms.controller.LoggingController:23] INFO : this is a info log
2020-07-02 13:50:32.878 [http-nio-8080-exec-1] [com.demo.lms.controller.LoggingController:24] WARN : this is a warn log
2020-07-02 13:50:32.878 [http-nio-8080-exec-1] [com.demo.lms.controller.LoggingController:25] ERROR: this is a error log
2020-07-02 13:55:14.191 [main] [org.springframework.boot.StartupInfoLogger:50] INFO : Starting LmsApplication on win7-PC with PID 15808 (D:\IdeaProjects\wacher\PROJECTS\LMS\target\classes started by win7 in D:\IdeaProjects\wacher\PROJECTS\LMS)
2020-07-02 13:55:14.205 [main] [org.springframework.boot.SpringApplication:675] INFO : No active profile set, falling back to default profiles: default
2020-07-02 13:55:15.367 [main] [org.springframework.boot.web.embedded.tomcat.TomcatWebServer:90] INFO : Tomcat initialized with port(s): 8080 (http)
2020-07-02 13:55:15.380 [main] [org.apache.juli.logging.DirectJDKLog:173] INFO : Initializing ProtocolHandler ["http-nio-8080"]
2020-07-02 13:55:15.387 [main] [org.apache.juli.logging.DirectJDKLog:173] INFO : Starting service [Tomcat]
2020-07-02 13:55:15.387 [main] [org.apache.juli.logging.DirectJDKLog:173] INFO : Starting Servlet engine: [Apache Tomcat/9.0.14]
2020-07-02 13:55:15.392 [main] [org.apache.juli.logging.DirectJDKLog:173] INFO : The APR based Apache Tomcat Native library which allows optimal performance in production environments was not found on the java.library.path: [E:\develop\Java\jdk1.8.0_111\bin;C:\Windows\Sun\Java\bin;C:\Windows\system32;C:\Windows;C:\Program Files (x86)\Common Files\Oracle\Java\javapath;C:\ProgramData\Oracle\Java\javapath;C:\Windows\system32;C:\Windows;C:\Windows\System32\Wbem;C:\Windows\System32\WindowsPowerShell\v1.0\;E:\develop\Git\cmd;E:\develop\Java\jdk1.8.0_111\bin;E:\develop\Java\jdk1.8.0_111\jre\bin;C:\Program Files\MySQL\MySQL Utilities 1.6\;E:\develop\apache-maven-3.1.0\bin;E:\develop\nodejs\;C:\Program Files\TortoiseGit\bin;E:\develop\gradle-6.5\bin;C:\Program Files\Microsoft VS Code\bin;C:\Users\win7\AppData\Roaming\npm;C:\Program Files\Microsoft VS Code\bin;C:\Program Files (x86)\Nmap;C:\Program Files\MySQL\MySQL Server 5.7\bin;.]
2020-07-02 13:55:15.484 [main] [org.apache.juli.logging.DirectJDKLog:173] INFO : Initializing Spring embedded WebApplicationContext
2020-07-02 13:55:15.484 [main] [org.springframework.boot.web.servlet.context.ServletWebServerApplicationContext:296] INFO : Root WebApplicationContext: initialization completed in 1245 ms
2020-07-02 13:55:15.654 [main] [org.springframework.scheduling.concurrent.ExecutorConfigurationSupport:171] INFO : Initializing ExecutorService 'applicationTaskExecutor'
2020-07-02 13:55:15.779 [main] [org.apache.juli.logging.DirectJDKLog:173] INFO : Starting ProtocolHandler ["http-nio-8080"]
2020-07-02 13:55:15.810 [main] [org.springframework.boot.web.embedded.tomcat.TomcatWebServer:204] INFO : Tomcat started on port(s): 8080 (http) with context path ''
2020-07-02 13:55:15.813 [main] [org.springframework.boot.StartupInfoLogger:59] INFO : Started LmsApplication in 1.941 seconds (JVM running for 2.324)
2020-07-02 13:55:45.250 [main] [org.springframework.boot.StartupInfoLogger:50] INFO : Starting LmsApplication on win7-PC with PID 15196 (D:\IdeaProjects\wacher\PROJECTS\LMS\target\classes started by win7 in D:\IdeaProjects\wacher\PROJECTS\LMS)
2020-07-02 13:55:45.264 [main] [org.springframework.boot.SpringApplication:675] INFO : No active profile set, falling back to default profiles: default
2020-07-02 13:55:46.463 [main] [org.springframework.boot.web.embedded.tomcat.TomcatWebServer:90] INFO : Tomcat initialized with port(s): 8080 (http)
2020-07-02 13:55:46.476 [main] [org.apache.juli.logging.DirectJDKLog:173] INFO : Initializing ProtocolHandler ["http-nio-8080"]
2020-07-02 13:55:46.483 [main] [org.apache.juli.logging.DirectJDKLog:173] INFO : Starting service [Tomcat]
2020-07-02 13:55:46.484 [main] [org.apache.juli.logging.DirectJDKLog:173] INFO : Starting Servlet engine: [Apache Tomcat/9.0.14]
2020-07-02 13:55:46.489 [main] [org.apache.juli.logging.DirectJDKLog:173] INFO : The APR based Apache Tomcat Native library which allows optimal performance in production environments was not found on the java.library.path: [E:\develop\Java\jdk1.8.0_111\bin;C:\Windows\Sun\Java\bin;C:\Windows\system32;C:\Windows;C:\Program Files (x86)\Common Files\Oracle\Java\javapath;C:\ProgramData\Oracle\Java\javapath;C:\Windows\system32;C:\Windows;C:\Windows\System32\Wbem;C:\Windows\System32\WindowsPowerShell\v1.0\;E:\develop\Git\cmd;E:\develop\Java\jdk1.8.0_111\bin;E:\develop\Java\jdk1.8.0_111\jre\bin;C:\Program Files\MySQL\MySQL Utilities 1.6\;E:\develop\apache-maven-3.1.0\bin;E:\develop\nodejs\;C:\Program Files\TortoiseGit\bin;E:\develop\gradle-6.5\bin;C:\Program Files\Microsoft VS Code\bin;C:\Users\win7\AppData\Roaming\npm;C:\Program Files\Microsoft VS Code\bin;C:\Program Files (x86)\Nmap;C:\Program Files\MySQL\MySQL Server 5.7\bin;.]
2020-07-02 13:55:46.579 [main] [org.apache.juli.logging.DirectJDKLog:173] INFO : Initializing Spring embedded WebApplicationContext
2020-07-02 13:55:46.579 [main] [org.springframework.boot.web.servlet.context.ServletWebServerApplicationContext:296] INFO : Root WebApplicationContext: initialization completed in 1285 ms
2020-07-02 13:55:46.740 [main] [org.springframework.scheduling.concurrent.ExecutorConfigurationSupport:171] INFO : Initializing ExecutorService 'applicationTaskExecutor'
2020-07-02 13:55:46.855 [main] [org.apache.juli.logging.DirectJDKLog:173] INFO : Starting ProtocolHandler ["http-nio-8080"]
2020-07-02 13:55:46.875 [main] [org.springframework.boot.web.embedded.tomcat.TomcatWebServer:204] INFO : Tomcat started on port(s): 8080 (http) with context path ''
2020-07-02 13:55:46.877 [main] [org.springframework.boot.StartupInfoLogger:59] INFO : Started LmsApplication in 1.97 seconds (JVM running for 2.347)
2020-07-02 13:57:31.035 [main] [org.springframework.boot.StartupInfoLogger:50] INFO : Starting LmsApplication on win7-PC with PID 1844 (D:\IdeaProjects\wacher\PROJECTS\LMS\target\classes started by win7 in D:\IdeaProjects\wacher\PROJECTS\LMS)
2020-07-02 13:57:31.048 [main] [org.springframework.boot.SpringApplication:675] INFO : No active profile set, falling back to default profiles: default
2020-07-02 13:57:32.158 [main] [org.springframework.boot.web.embedded.tomcat.TomcatWebServer:90] INFO : Tomcat initialized with port(s): 8080 (http)
2020-07-02 13:57:32.171 [main] [org.apache.juli.logging.DirectJDKLog:173] INFO : Initializing ProtocolHandler ["http-nio-8080"]
2020-07-02 13:57:32.179 [main] [org.apache.juli.logging.DirectJDKLog:173] INFO : Starting service [Tomcat]
2020-07-02 13:57:32.179 [main] [org.apache.juli.logging.DirectJDKLog:173] INFO : Starting Servlet engine: [Apache Tomcat/9.0.14]
2020-07-02 13:57:32.184 [main] [org.apache.juli.logging.DirectJDKLog:173] INFO : The APR based Apache Tomcat Native library which allows optimal performance in production environments was not found on the java.library.path: [E:\develop\Java\jdk1.8.0_111\bin;C:\Windows\Sun\Java\bin;C:\Windows\system32;C:\Windows;C:\Program Files (x86)\Common Files\Oracle\Java\javapath;C:\ProgramData\Oracle\Java\javapath;C:\Windows\system32;C:\Windows;C:\Windows\System32\Wbem;C:\Windows\System32\WindowsPowerShell\v1.0\;E:\develop\Git\cmd;E:\develop\Java\jdk1.8.0_111\bin;E:\develop\Java\jdk1.8.0_111\jre\bin;C:\Program Files\MySQL\MySQL Utilities 1.6\;E:\develop\apache-maven-3.1.0\bin;E:\develop\nodejs\;C:\Program Files\TortoiseGit\bin;E:\develop\gradle-6.5\bin;C:\Program Files\Microsoft VS Code\bin;C:\Users\win7\AppData\Roaming\npm;C:\Program Files\Microsoft VS Code\bin;C:\Program Files (x86)\Nmap;C:\Program Files\MySQL\MySQL Server 5.7\bin;.]
2020-07-02 13:57:32.279 [main] [org.apache.juli.logging.DirectJDKLog:173] INFO : Initializing Spring embedded WebApplicationContext
2020-07-02 13:57:32.279 [main] [org.springframework.boot.web.servlet.context.ServletWebServerApplicationContext:296] INFO : Root WebApplicationContext: initialization completed in 1202 ms
2020-07-02 13:57:32.460 [main] [org.springframework.scheduling.concurrent.ExecutorConfigurationSupport:171] INFO : Initializing ExecutorService 'applicationTaskExecutor'
2020-07-02 13:57:32.589 [main] [org.apache.juli.logging.DirectJDKLog:173] INFO : Starting ProtocolHandler ["http-nio-8080"]
2020-07-02 13:57:32.622 [main] [org.springframework.boot.web.embedded.tomcat.TomcatWebServer:204] INFO : Tomcat started on port(s): 8080 (http) with context path ''
2020-07-02 13:57:32.624 [main] [org.springframework.boot.StartupInfoLogger:59] INFO : Started LmsApplication in 1.912 seconds (JVM running for 2.306)
2020-07-02 13:59:10.336 [main] [org.springframework.boot.StartupInfoLogger:50] INFO : Starting LmsApplication on win7-PC with PID 17132 (D:\IdeaProjects\wacher\PROJECTS\LMS\target\classes started by win7 in D:\IdeaProjects\wacher\PROJECTS\LMS)
2020-07-02 13:59:10.351 [main] [org.springframework.boot.SpringApplication:675] INFO : No active profile set, falling back to default profiles: default
2020-07-02 13:59:11.417 [main] [org.springframework.boot.web.embedded.tomcat.TomcatWebServer:90] INFO : Tomcat initialized with port(s): 8080 (http)
2020-07-02 13:59:11.430 [main] [org.apache.juli.logging.DirectJDKLog:173] INFO : Initializing ProtocolHandler ["http-nio-8080"]
2020-07-02 13:59:11.438 [main] [org.apache.juli.logging.DirectJDKLog:173] INFO : Starting service [Tomcat]
2020-07-02 13:59:11.438 [main] [org.apache.juli.logging.DirectJDKLog:173] INFO : Starting Servlet engine: [Apache Tomcat/9.0.14]
2020-07-02 13:59:11.443 [main] [org.apache.juli.logging.DirectJDKLog:173] INFO : The APR based Apache Tomcat Native library which allows optimal performance in production environments was not found on the java.library.path: [E:\develop\Java\jdk1.8.0_111\bin;C:\Windows\Sun\Java\bin;C:\Windows\system32;C:\Windows;C:\Program Files (x86)\Common Files\Oracle\Java\javapath;C:\ProgramData\Oracle\Java\javapath;C:\Windows\system32;C:\Windows;C:\Windows\System32\Wbem;C:\Windows\System32\WindowsPowerShell\v1.0\;E:\develop\Git\cmd;E:\develop\Java\jdk1.8.0_111\bin;E:\develop\Java\jdk1.8.0_111\jre\bin;C:\Program Files\MySQL\MySQL Utilities 1.6\;E:\develop\apache-maven-3.1.0\bin;E:\develop\nodejs\;C:\Program Files\TortoiseGit\bin;E:\develop\gradle-6.5\bin;C:\Program Files\Microsoft VS Code\bin;C:\Users\win7\AppData\Roaming\npm;C:\Program Files\Microsoft VS Code\bin;C:\Program Files (x86)\Nmap;C:\Program Files\MySQL\MySQL Server 5.7\bin;.]
2020-07-02 13:59:11.534 [main] [org.apache.juli.logging.DirectJDKLog:173] INFO : Initializing Spring embedded WebApplicationContext
2020-07-02 13:59:11.535 [main] [org.springframework.boot.web.servlet.context.ServletWebServerApplicationContext:296] INFO : Root WebApplicationContext: initialization completed in 1156 ms
2020-07-02 13:59:11.709 [main] [org.springframework.scheduling.concurrent.ExecutorConfigurationSupport:171] INFO : Initializing ExecutorService 'applicationTaskExecutor'
2020-07-02 13:59:11.829 [main] [org.apache.juli.logging.DirectJDKLog:173] INFO : Starting ProtocolHandler ["http-nio-8080"]
2020-07-02 13:59:11.859 [main] [org.springframework.boot.web.embedded.tomcat.TomcatWebServer:204] INFO : Tomcat started on port(s): 8080 (http) with context path ''
2020-07-02 13:59:11.861 [main] [org.springframework.boot.StartupInfoLogger:59] INFO : Started LmsApplication in 1.832 seconds (JVM running for 2.193)
2020-07-02 13:59:16.451 [http-nio-8080-exec-1] [org.apache.juli.logging.DirectJDKLog:173] INFO : Initializing Spring DispatcherServlet 'dispatcherServlet'
2020-07-02 13:59:16.451 [http-nio-8080-exec-1] [org.springframework.web.servlet.FrameworkServlet:524] INFO : Initializing Servlet 'dispatcherServlet'
2020-07-02 13:59:16.456 [http-nio-8080-exec-1] [org.springframework.web.servlet.FrameworkServlet:546] INFO : Completed initialization in 5 ms
2020-07-02 13:59:16.472 [http-nio-8080-exec-1] [com.demo.lms.controller.LoggingController:18] INFO : level： trace < debug < info < warn < error
2020-07-02 13:59:16.473 [http-nio-8080-exec-1] [com.demo.lms.controller.LoggingController:23] INFO : this is a info log
2020-07-02 13:59:16.473 [http-nio-8080-exec-1] [com.demo.lms.controller.LoggingController:24] WARN : this is a warn log
2020-07-02 13:59:16.473 [http-nio-8080-exec-1] [com.demo.lms.controller.LoggingController:25] ERROR: this is a error log
[32m2020-07-02 14:01:23.595[0;39m [33m[main][0;39m [34mINFO [0;39m [36m[org.springframework.boot.StartupInfoLogger:50][0;39m : Starting LmsApplication on win7-PC with PID 14952 (D:\IdeaProjects\wacher\PROJECTS\LMS\target\classes started by win7 in D:\IdeaProjects\wacher\PROJECTS\LMS)
[32m2020-07-02 14:01:23.608[0;39m [33m[main][0;39m [34mINFO [0;39m [36m[org.springframework.boot.SpringApplication:675][0;39m : No active profile set, falling back to default profiles: default
[32m2020-07-02 14:01:24.876[0;39m [33m[main][0;39m [34mINFO [0;39m [36m[org.springframework.boot.web.embedded.tomcat.TomcatWebServer:90][0;39m : Tomcat initialized with port(s): 8080 (http)
[32m2020-07-02 14:01:24.888[0;39m [33m[main][0;39m [34mINFO [0;39m [36m[org.apache.juli.logging.DirectJDKLog:173][0;39m : Initializing ProtocolHandler ["http-nio-8080"]
[32m2020-07-02 14:01:24.896[0;39m [33m[main][0;39m [34mINFO [0;39m [36m[org.apache.juli.logging.DirectJDKLog:173][0;39m : Starting service [Tomcat]
[32m2020-07-02 14:01:24.896[0;39m [33m[main][0;39m [34mINFO [0;39m [36m[org.apache.juli.logging.DirectJDKLog:173][0;39m : Starting Servlet engine: [Apache Tomcat/9.0.14]
[32m2020-07-02 14:01:24.901[0;39m [33m[main][0;39m [34mINFO [0;39m [36m[org.apache.juli.logging.DirectJDKLog:173][0;39m : The APR based Apache Tomcat Native library which allows optimal performance in production environments was not found on the java.library.path: [E:\develop\Java\jdk1.8.0_111\bin;C:\Windows\Sun\Java\bin;C:\Windows\system32;C:\Windows;C:\Program Files (x86)\Common Files\Oracle\Java\javapath;C:\ProgramData\Oracle\Java\javapath;C:\Windows\system32;C:\Windows;C:\Windows\System32\Wbem;C:\Windows\System32\WindowsPowerShell\v1.0\;E:\develop\Git\cmd;E:\develop\Java\jdk1.8.0_111\bin;E:\develop\Java\jdk1.8.0_111\jre\bin;C:\Program Files\MySQL\MySQL Utilities 1.6\;E:\develop\apache-maven-3.1.0\bin;E:\develop\nodejs\;C:\Program Files\TortoiseGit\bin;E:\develop\gradle-6.5\bin;C:\Program Files\Microsoft VS Code\bin;C:\Users\win7\AppData\Roaming\npm;C:\Program Files\Microsoft VS Code\bin;C:\Program Files (x86)\Nmap;C:\Program Files\MySQL\MySQL Server 5.7\bin;.]
[32m2020-07-02 14:01:24.996[0;39m [33m[main][0;39m [34mINFO [0;39m [36m[org.apache.juli.logging.DirectJDKLog:173][0;39m : Initializing Spring embedded WebApplicationContext
[32m2020-07-02 14:01:24.997[0;39m [33m[main][0;39m [34mINFO [0;39m [36m[org.springframework.boot.web.servlet.context.ServletWebServerApplicationContext:296][0;39m : Root WebApplicationContext: initialization completed in 1358 ms
[32m2020-07-02 14:01:25.180[0;39m [33m[main][0;39m [34mINFO [0;39m [36m[org.springframework.scheduling.concurrent.ExecutorConfigurationSupport:171][0;39m : Initializing ExecutorService 'applicationTaskExecutor'
[32m2020-07-02 14:01:25.313[0;39m [33m[main][0;39m [34mINFO [0;39m [36m[org.apache.juli.logging.DirectJDKLog:173][0;39m : Starting ProtocolHandler ["http-nio-8080"]
[32m2020-07-02 14:01:25.334[0;39m [33m[main][0;39m [34mINFO [0;39m [36m[org.springframework.boot.web.embedded.tomcat.TomcatWebServer:204][0;39m : Tomcat started on port(s): 8080 (http) with context path ''
[32m2020-07-02 14:01:25.337[0;39m [33m[main][0;39m [34mINFO [0;39m [36m[org.springframework.boot.StartupInfoLogger:59][0;39m : Started LmsApplication in 2.068 seconds (JVM running for 2.432)
[32m2020-07-02 14:01:35.004[0;39m [33m[http-nio-8080-exec-1][0;39m [34mINFO [0;39m [36m[org.apache.juli.logging.DirectJDKLog:173][0;39m : Initializing Spring DispatcherServlet 'dispatcherServlet'
[32m2020-07-02 14:01:35.005[0;39m [33m[http-nio-8080-exec-1][0;39m [34mINFO [0;39m [36m[org.springframework.web.servlet.FrameworkServlet:524][0;39m : Initializing Servlet 'dispatcherServlet'
[32m2020-07-02 14:01:35.010[0;39m [33m[http-nio-8080-exec-1][0;39m [34mINFO [0;39m [36m[org.springframework.web.servlet.FrameworkServlet:546][0;39m : Completed initialization in 5 ms
[32m2020-07-02 14:01:35.028[0;39m [33m[http-nio-8080-exec-1][0;39m [34mINFO [0;39m [36m[com.demo.lms.controller.LoggingController:18][0;39m : level： trace < debug < info < warn < error
[32m2020-07-02 14:01:35.028[0;39m [33m[http-nio-8080-exec-1][0;39m [34mINFO [0;39m [36m[com.demo.lms.controller.LoggingController:23][0;39m : this is a info log
[32m2020-07-02 14:01:35.028[0;39m [33m[http-nio-8080-exec-1][0;39m [31mWARN [0;39m [36m[com.demo.lms.controller.LoggingController:24][0;39m : this is a warn log
[32m2020-07-02 14:01:35.029[0;39m [33m[http-nio-8080-exec-1][0;39m [1;31mERROR[0;39m [36m[com.demo.lms.controller.LoggingController:25][0;39m : this is a error log
